C:\Users\kareem zok\Documents\Visual Studio 2010\Projects\cube\Debug\cl.command.1.tlog
C:\Users\kareem zok\Documents\Visual Studio 2010\Projects\cube\Debug\CL.read.1.tlog
C:\Users\kareem zok\Documents\Visual Studio 2010\Projects\cube\Debug\CL.write.1.tlog
C:\USERS\KAREEM ZOK\DOCUMENTS\VISUAL STUDIO 2010\PROJECTS\CUBE\DEBUG\CUBE.EXE
C:\USERS\KAREEM ZOK\DOCUMENTS\VISUAL STUDIO 2010\PROJECTS\CUBE\DEBUG\CUBE.EXE.EMBED.MANIFEST
C:\USERS\KAREEM ZOK\DOCUMENTS\VISUAL STUDIO 2010\PROJECTS\CUBE\DEBUG\CUBE.EXE.EMBED.MANIFEST.RES
C:\USERS\KAREEM ZOK\DOCUMENTS\VISUAL STUDIO 2010\PROJECTS\CUBE\DEBUG\CUBE.EXE.INTERMEDIATE.MANIFEST
C:\USERS\KAREEM ZOK\DOCUMENTS\VISUAL STUDIO 2010\PROJECTS\CUBE\DEBUG\CUBE.ILK
C:\USERS\KAREEM ZOK\DOCUMENTS\VISUAL STUDIO 2010\PROJECTS\CUBE\DEBUG\CUBE.PDB
C:\Users\kareem zok\Documents\Visual Studio 2010\Projects\cube\Debug\cube_manifest.rc
C:\USERS\KAREEM ZOK\DOCUMENTS\VISUAL STUDIO 2010\PROJECTS\CUBE\DEBUG\IMAGELOADER.OBJ
C:\Users\kareem zok\Documents\Visual Studio 2010\Projects\cube\Debug\link.12268.read.1.tlog
C:\Users\kareem zok\Documents\Visual Studio 2010\Projects\cube\Debug\link.12268.write.1.tlog
C:\Users\kareem zok\Documents\Visual Studio 2010\Projects\cube\Debug\link.12268-cvtres.read.1.tlog
C:\Users\kareem zok\Documents\Visual Studio 2010\Projects\cube\Debug\link.12268-cvtres.write.1.tlog
C:\Users\kareem zok\Documents\Visual Studio 2010\Projects\cube\Debug\link.command.1.tlog
C:\Users\kareem zok\Documents\Visual Studio 2010\Projects\cube\Debug\link.read.1.tlog
C:\Users\kareem zok\Documents\Visual Studio 2010\Projects\cube\Debug\link.write.1.tlog
C:\Users\kareem zok\Documents\Visual Studio 2010\Projects\cube\Debug\link-cvtres.read.1.tlog
C:\Users\kareem zok\Documents\Visual Studio 2010\Projects\cube\Debug\link-cvtres.write.1.tlog
C:\USERS\KAREEM ZOK\DOCUMENTS\VISUAL STUDIO 2010\PROJECTS\CUBE\DEBUG\MAIN.OBJ
C:\Users\kareem zok\Documents\Visual Studio 2010\Projects\cube\Debug\mt.command.1.tlog
C:\Users\kareem zok\Documents\Visual Studio 2010\Projects\cube\Debug\mt.read.1.tlog
C:\Users\kareem zok\Documents\Visual Studio 2010\Projects\cube\Debug\mt.write.1.tlog
C:\Users\kareem zok\Documents\Visual Studio 2010\Projects\cube\Debug\rc.command.1.tlog
C:\Users\kareem zok\Documents\Visual Studio 2010\Projects\cube\Debug\rc.read.1.tlog
C:\Users\kareem zok\Documents\Visual Studio 2010\Projects\cube\Debug\rc.write.1.tlog
C:\Users\kareem zok\Documents\Visual Studio 2010\Projects\cube\Debug\vc100.idb
C:\USERS\KAREEM ZOK\DOCUMENTS\VISUAL STUDIO 2010\PROJECTS\CUBE\DEBUG\VC100.PDB
Debug\cube.ilk
Debug\cube.pdb
