Build started 12/22/2014 12:36:12 AM.
     1>Project "C:\Users\kareem zok\Documents\Visual Studio 2010\Projects\cube\cube.vcxproj" on node 2 (build target(s)).
     1>InitializeBuildStatus:
         Creating "Debug\cube.unsuccessfulbuild" because "AlwaysCreate" was specified.
       ClCompile:
         C:\Program Files (x86)\Microsoft Visual Studio 10.0\VC\bin\CL.exe /c /ZI /nologo /W3 /WX- /Od /Oy- /D WIN32 /D _DEBUG /D _CONSOLE /Gm /EHsc /RTC1 /MDd /GS /fp:precise /Zc:wchar_t /Zc:forScope /Fo"Debug\\" /Fd"Debug\vc100.pdb" /Gd /TP /analyze- /errorReport:prompt imageloader.cpp main.cpp
         main.cpp
         imageloader.cpp
         Generating Code...
       ManifestResourceCompile:
         C:\Program Files (x86)\Microsoft SDKs\Windows\v7.0A\bin\rc.exe /nologo /fo"Debug\cube.exe.embed.manifest.res" Debug\cube_manifest.rc 
       Link:
         C:\Program Files (x86)\Microsoft Visual Studio 10.0\VC\bin\link.exe /ERRORREPORT:PROMPT /OUT:"Debug\cube.exe" /INCREMENTAL /NOLOGO kernel32.lib user32.lib gdi32.lib winspool.lib comdlg32.lib advapi32.lib shell32.lib ole32.lib oleaut32.lib uuid.lib odbc32.lib odbccp32.lib /MANIFEST /ManifestFile:"Debug\cube.exe.intermediate.manifest" /MANIFESTUAC:"level='asInvoker' uiAccess='false'" /DEBUG /PDB:"C:\Users\kareem zok\Documents\Visual Studio 2010\Projects\cube\Debug\cube.pdb" /SUBSYSTEM:CONSOLE /TLBID:1 /DYNAMICBASE /NXCOMPAT /IMPLIB:"Debug\cube.lib" /MACHINE:X86 Debug\cube.exe.embed.manifest.res
         Debug\imageloader.obj
         Debug\main.obj
       Manifest:
         C:\Program Files (x86)\Microsoft SDKs\Windows\v7.0A\bin\mt.exe /nologo /verbose /out:"Debug\cube.exe.embed.manifest" /manifest Debug\cube.exe.intermediate.manifest
         C:\Program Files (x86)\Microsoft SDKs\Windows\v7.0A\bin\rc.exe /nologo /fo"Debug\cube.exe.embed.manifest.res" Debug\cube_manifest.rc 
       LinkEmbedManifest:
         C:\Program Files (x86)\Microsoft Visual Studio 10.0\VC\bin\link.exe /ERRORREPORT:PROMPT /OUT:"Debug\cube.exe" /INCREMENTAL /NOLOGO kernel32.lib user32.lib gdi32.lib winspool.lib comdlg32.lib advapi32.lib shell32.lib ole32.lib oleaut32.lib uuid.lib odbc32.lib odbccp32.lib /MANIFEST /ManifestFile:"Debug\cube.exe.intermediate.manifest" /MANIFESTUAC:"level='asInvoker' uiAccess='false'" /DEBUG /PDB:"C:\Users\kareem zok\Documents\Visual Studio 2010\Projects\cube\Debug\cube.pdb" /SUBSYSTEM:CONSOLE /TLBID:1 /DYNAMICBASE /NXCOMPAT /IMPLIB:"Debug\cube.lib" /MACHINE:X86 Debug\cube.exe.embed.manifest.res
         Debug\imageloader.obj
         Debug\main.obj
         cube.vcxproj -> C:\Users\kareem zok\Documents\Visual Studio 2010\Projects\cube\Debug\cube.exe
       FinalizeBuildStatus:
         Deleting file "Debug\cube.unsuccessfulbuild".
         Touching "Debug\cube.lastbuildstate".
     1>Done Building Project "C:\Users\kareem zok\Documents\Visual Studio 2010\Projects\cube\cube.vcxproj" (build target(s)).

Build succeeded.

Time Elapsed 00:00:09.13
