Build started 12/17/2014 12:15:02 AM.
     1>Project "C:\Users\kareem zok\Documents\Visual Studio 2010\Projects\cube\cube.vcxproj" on node 2 (build target(s)).
     1>InitializeBuildStatus:
         Touching "Release\cube.unsuccessfulbuild".
       ClCompile:
         C:\Program Files (x86)\Microsoft Visual Studio 10.0\VC\bin\CL.exe /c /I"C:\Users\kareem zok\Documents\Visual Studio 2010\Projects\cube\glut\lib" /I"C:\Users\kareem zok\Documents\Visual Studio 2010\Projects\cube\GL" /Zi /nologo /W3 /WX- /O2 /Oy- /D WIN32 /D NDEBUG /D _CONSOLE /Gm- /EHsc /MD /GS /fp:precise /Zc:wchar_t /Zc:forScope /Fo"Release\\" /Fd"Release\vc100.pdb" /Gd /TP /analyze- /errorReport:prompt imageloader.cpp main.cpp
         imageloader.cpp
         main.cpp
     1>C:\Program Files (x86)\Microsoft SDKs\Windows\v7.0A\include\gl/GL.h(1152): error C2144: syntax error : 'void' should be preceded by ';'
     1>C:\Program Files (x86)\Microsoft SDKs\Windows\v7.0A\include\gl/GL.h(1152): error C4430: missing type specifier - int assumed. Note: C++ does not support default-int
     1>C:\Program Files (x86)\Microsoft SDKs\Windows\v7.0A\include\gl/GL.h(1152): error C2146: syntax error : missing ';' before identifier 'glAccum'
     1>C:\Program Files (x86)\Microsoft SDKs\Windows\v7.0A\include\gl/GL.h(1152): error C2182: 'APIENTRY' : illegal use of type 'void'
     1>C:\Program Files (x86)\Microsoft SDKs\Windows\v7.0A\include\gl/GL.h(1152): error C4430: missing type specifier - int assumed. Note: C++ does not support default-int
     1>C:\Program Files (x86)\Microsoft SDKs\Windows\v7.0A\include\gl/GL.h(1153): error C2144: syntax error : 'void' should be preceded by ';'
     1>C:\Program Files (x86)\Microsoft SDKs\Windows\v7.0A\include\gl/GL.h(1153): error C4430: missing type specifier - int assumed. Note: C++ does not support default-int
     1>C:\Program Files (x86)\Microsoft SDKs\Windows\v7.0A\include\gl/GL.h(1153): error C2086: 'int WINGDIAPI' : redefinition
                 C:\Program Files (x86)\Microsoft SDKs\Windows\v7.0A\include\gl/GL.h(1152) : see declaration of 'WINGDIAPI'
     1>C:\Program Files (x86)\Microsoft SDKs\Windows\v7.0A\include\gl/GL.h(1153): error C2146: syntax error : missing ';' before identifier 'glAlphaFunc'
     1>C:\Program Files (x86)\Microsoft SDKs\Windows\v7.0A\include\gl/GL.h(1153): error C2182: 'APIENTRY' : illegal use of type 'void'
     1>C:\Program Files (x86)\Microsoft SDKs\Windows\v7.0A\include\gl/GL.h(1153): error C2086: 'int APIENTRY' : redefinition
                 C:\Program Files (x86)\Microsoft SDKs\Windows\v7.0A\include\gl/GL.h(1152) : see declaration of 'APIENTRY'
     1>C:\Program Files (x86)\Microsoft SDKs\Windows\v7.0A\include\gl/GL.h(1153): error C4430: missing type specifier - int assumed. Note: C++ does not support default-int
     1>C:\Program Files (x86)\Microsoft SDKs\Windows\v7.0A\include\gl/GL.h(1154): error C2146: syntax error : missing ';' before identifier 'GLboolean'
     1>C:\Program Files (x86)\Microsoft SDKs\Windows\v7.0A\include\gl/GL.h(1154): error C4430: missing type specifier - int assumed. Note: C++ does not support default-int
     1>C:\Program Files (x86)\Microsoft SDKs\Windows\v7.0A\include\gl/GL.h(1154): error C2086: 'int WINGDIAPI' : redefinition
                 C:\Program Files (x86)\Microsoft SDKs\Windows\v7.0A\include\gl/GL.h(1152) : see declaration of 'WINGDIAPI'
     1>C:\Program Files (x86)\Microsoft SDKs\Windows\v7.0A\include\gl/GL.h(1154): error C2146: syntax error : missing ';' before identifier 'glAreTexturesResident'
     1>C:\Program Files (x86)\Microsoft SDKs\Windows\v7.0A\include\gl/GL.h(1154): error C2371: 'APIENTRY' : redefinition; different basic types
                 C:\Program Files (x86)\Microsoft SDKs\Windows\v7.0A\include\gl/GL.h(1152) : see declaration of 'APIENTRY'
     1>C:\Program Files (x86)\Microsoft SDKs\Windows\v7.0A\include\gl/GL.h(1154): error C4430: missing type specifier - int assumed. Note: C++ does not support default-int
     1>C:\Program Files (x86)\Microsoft SDKs\Windows\v7.0A\include\gl/GL.h(1155): error C2144: syntax error : 'void' should be preceded by ';'
     1>C:\Program Files (x86)\Microsoft SDKs\Windows\v7.0A\include\gl/GL.h(1155): error C4430: missing type specifier - int assumed. Note: C++ does not support default-int
     1>C:\Program Files (x86)\Microsoft SDKs\Windows\v7.0A\include\gl/GL.h(1155): error C2086: 'int WINGDIAPI' : redefinition
                 C:\Program Files (x86)\Microsoft SDKs\Windows\v7.0A\include\gl/GL.h(1152) : see declaration of 'WINGDIAPI'
     1>C:\Program Files (x86)\Microsoft SDKs\Windows\v7.0A\include\gl/GL.h(1155): error C2146: syntax error : missing ';' before identifier 'glArrayElement'
     1>C:\Program Files (x86)\Microsoft SDKs\Windows\v7.0A\include\gl/GL.h(1155): error C2182: 'APIENTRY' : illegal use of type 'void'
     1>C:\Program Files (x86)\Microsoft SDKs\Windows\v7.0A\include\gl/GL.h(1155): error C2086: 'int APIENTRY' : redefinition
                 C:\Program Files (x86)\Microsoft SDKs\Windows\v7.0A\include\gl/GL.h(1152) : see declaration of 'APIENTRY'
     1>C:\Program Files (x86)\Microsoft SDKs\Windows\v7.0A\include\gl/GL.h(1155): error C4430: missing type specifier - int assumed. Note: C++ does not support default-int
     1>C:\Program Files (x86)\Microsoft SDKs\Windows\v7.0A\include\gl/GL.h(1156): error C2144: syntax error : 'void' should be preceded by ';'
     1>C:\Program Files (x86)\Microsoft SDKs\Windows\v7.0A\include\gl/GL.h(1156): error C4430: missing type specifier - int assumed. Note: C++ does not support default-int
     1>C:\Program Files (x86)\Microsoft SDKs\Windows\v7.0A\include\gl/GL.h(1156): error C2086: 'int WINGDIAPI' : redefinition
                 C:\Program Files (x86)\Microsoft SDKs\Windows\v7.0A\include\gl/GL.h(1152) : see declaration of 'WINGDIAPI'
     1>C:\Program Files (x86)\Microsoft SDKs\Windows\v7.0A\include\gl/GL.h(1156): error C2146: syntax error : missing ';' before identifier 'glBegin'
     1>C:\Program Files (x86)\Microsoft SDKs\Windows\v7.0A\include\gl/GL.h(1156): error C2182: 'APIENTRY' : illegal use of type 'void'
     1>C:\Program Files (x86)\Microsoft SDKs\Windows\v7.0A\include\gl/GL.h(1156): error C2086: 'int APIENTRY' : redefinition
                 C:\Program Files (x86)\Microsoft SDKs\Windows\v7.0A\include\gl/GL.h(1152) : see declaration of 'APIENTRY'
     1>C:\Program Files (x86)\Microsoft SDKs\Windows\v7.0A\include\gl/GL.h(1156): error C4430: missing type specifier - int assumed. Note: C++ does not support default-int
     1>C:\Program Files (x86)\Microsoft SDKs\Windows\v7.0A\include\gl/GL.h(1157): error C2144: syntax error : 'void' should be preceded by ';'
     1>C:\Program Files (x86)\Microsoft SDKs\Windows\v7.0A\include\gl/GL.h(1157): error C4430: missing type specifier - int assumed. Note: C++ does not support default-int
     1>C:\Program Files (x86)\Microsoft SDKs\Windows\v7.0A\include\gl/GL.h(1157): error C2086: 'int WINGDIAPI' : redefinition
                 C:\Program Files (x86)\Microsoft SDKs\Windows\v7.0A\include\gl/GL.h(1152) : see declaration of 'WINGDIAPI'
     1>C:\Program Files (x86)\Microsoft SDKs\Windows\v7.0A\include\gl/GL.h(1157): error C2146: syntax error : missing ';' before identifier 'glBindTexture'
     1>C:\Program Files (x86)\Microsoft SDKs\Windows\v7.0A\include\gl/GL.h(1157): error C2182: 'APIENTRY' : illegal use of type 'void'
     1>C:\Program Files (x86)\Microsoft SDKs\Windows\v7.0A\include\gl/GL.h(1157): error C2086: 'int APIENTRY' : redefinition
                 C:\Program Files (x86)\Microsoft SDKs\Windows\v7.0A\include\gl/GL.h(1152) : see declaration of 'APIENTRY'
     1>C:\Program Files (x86)\Microsoft SDKs\Windows\v7.0A\include\gl/GL.h(1157): error C4430: missing type specifier - int assumed. Note: C++ does not support default-int
     1>C:\Program Files (x86)\Microsoft SDKs\Windows\v7.0A\include\gl/GL.h(1158): error C2144: syntax error : 'void' should be preceded by ';'
     1>C:\Program Files (x86)\Microsoft SDKs\Windows\v7.0A\include\gl/GL.h(1158): error C4430: missing type specifier - int assumed. Note: C++ does not support default-int
     1>C:\Program Files (x86)\Microsoft SDKs\Windows\v7.0A\include\gl/GL.h(1158): error C2086: 'int WINGDIAPI' : redefinition
                 C:\Program Files (x86)\Microsoft SDKs\Windows\v7.0A\include\gl/GL.h(1152) : see declaration of 'WINGDIAPI'
     1>C:\Program Files (x86)\Microsoft SDKs\Windows\v7.0A\include\gl/GL.h(1158): error C2146: syntax error : missing ';' before identifier 'glBitmap'
     1>C:\Program Files (x86)\Microsoft SDKs\Windows\v7.0A\include\gl/GL.h(1158): error C2182: 'APIENTRY' : illegal use of type 'void'
     1>C:\Program Files (x86)\Microsoft SDKs\Windows\v7.0A\include\gl/GL.h(1158): error C2086: 'int APIENTRY' : redefinition
                 C:\Program Files (x86)\Microsoft SDKs\Windows\v7.0A\include\gl/GL.h(1152) : see declaration of 'APIENTRY'
     1>C:\Program Files (x86)\Microsoft SDKs\Windows\v7.0A\include\gl/GL.h(1158): error C4430: missing type specifier - int assumed. Note: C++ does not support default-int
     1>C:\Program Files (x86)\Microsoft SDKs\Windows\v7.0A\include\gl/GL.h(1159): error C2144: syntax error : 'void' should be preceded by ';'
     1>C:\Program Files (x86)\Microsoft SDKs\Windows\v7.0A\include\gl/GL.h(1159): error C4430: missing type specifier - int assumed. Note: C++ does not support default-int
     1>C:\Program Files (x86)\Microsoft SDKs\Windows\v7.0A\include\gl/GL.h(1159): error C2086: 'int WINGDIAPI' : redefinition
                 C:\Program Files (x86)\Microsoft SDKs\Windows\v7.0A\include\gl/GL.h(1152) : see declaration of 'WINGDIAPI'
     1>C:\Program Files (x86)\Microsoft SDKs\Windows\v7.0A\include\gl/GL.h(1159): error C2146: syntax error : missing ';' before identifier 'glBlendFunc'
     1>C:\Program Files (x86)\Microsoft SDKs\Windows\v7.0A\include\gl/GL.h(1159): error C2182: 'APIENTRY' : illegal use of type 'void'
     1>C:\Program Files (x86)\Microsoft SDKs\Windows\v7.0A\include\gl/GL.h(1159): error C2086: 'int APIENTRY' : redefinition
                 C:\Program Files (x86)\Microsoft SDKs\Windows\v7.0A\include\gl/GL.h(1152) : see declaration of 'APIENTRY'
     1>C:\Program Files (x86)\Microsoft SDKs\Windows\v7.0A\include\gl/GL.h(1159): error C4430: missing type specifier - int assumed. Note: C++ does not support default-int
     1>C:\Program Files (x86)\Microsoft SDKs\Windows\v7.0A\include\gl/GL.h(1160): error C2144: syntax error : 'void' should be preceded by ';'
     1>C:\Program Files (x86)\Microsoft SDKs\Windows\v7.0A\include\gl/GL.h(1160): error C4430: missing type specifier - int assumed. Note: C++ does not support default-int
     1>C:\Program Files (x86)\Microsoft SDKs\Windows\v7.0A\include\gl/GL.h(1160): error C2086: 'int WINGDIAPI' : redefinition
                 C:\Program Files (x86)\Microsoft SDKs\Windows\v7.0A\include\gl/GL.h(1152) : see declaration of 'WINGDIAPI'
     1>C:\Program Files (x86)\Microsoft SDKs\Windows\v7.0A\include\gl/GL.h(1160): error C2146: syntax error : missing ';' before identifier 'glCallList'
     1>C:\Program Files (x86)\Microsoft SDKs\Windows\v7.0A\include\gl/GL.h(1160): error C2182: 'APIENTRY' : illegal use of type 'void'
     1>C:\Program Files (x86)\Microsoft SDKs\Windows\v7.0A\include\gl/GL.h(1160): error C2086: 'int APIENTRY' : redefinition
                 C:\Program Files (x86)\Microsoft SDKs\Windows\v7.0A\include\gl/GL.h(1152) : see declaration of 'APIENTRY'
     1>C:\Program Files (x86)\Microsoft SDKs\Windows\v7.0A\include\gl/GL.h(1160): error C4430: missing type specifier - int assumed. Note: C++ does not support default-int
     1>C:\Program Files (x86)\Microsoft SDKs\Windows\v7.0A\include\gl/GL.h(1161): error C2144: syntax error : 'void' should be preceded by ';'
     1>C:\Program Files (x86)\Microsoft SDKs\Windows\v7.0A\include\gl/GL.h(1161): error C4430: missing type specifier - int assumed. Note: C++ does not support default-int
     1>C:\Program Files (x86)\Microsoft SDKs\Windows\v7.0A\include\gl/GL.h(1161): error C2086: 'int WINGDIAPI' : redefinition
                 C:\Program Files (x86)\Microsoft SDKs\Windows\v7.0A\include\gl/GL.h(1152) : see declaration of 'WINGDIAPI'
     1>C:\Program Files (x86)\Microsoft SDKs\Windows\v7.0A\include\gl/GL.h(1161): error C2146: syntax error : missing ';' before identifier 'glCallLists'
     1>C:\Program Files (x86)\Microsoft SDKs\Windows\v7.0A\include\gl/GL.h(1161): error C2182: 'APIENTRY' : illegal use of type 'void'
     1>C:\Program Files (x86)\Microsoft SDKs\Windows\v7.0A\include\gl/GL.h(1161): error C2086: 'int APIENTRY' : redefinition
                 C:\Program Files (x86)\Microsoft SDKs\Windows\v7.0A\include\gl/GL.h(1152) : see declaration of 'APIENTRY'
     1>C:\Program Files (x86)\Microsoft SDKs\Windows\v7.0A\include\gl/GL.h(1161): error C4430: missing type specifier - int assumed. Note: C++ does not support default-int
     1>C:\Program Files (x86)\Microsoft SDKs\Windows\v7.0A\include\gl/GL.h(1162): error C2144: syntax error : 'void' should be preceded by ';'
     1>C:\Program Files (x86)\Microsoft SDKs\Windows\v7.0A\include\gl/GL.h(1162): error C4430: missing type specifier - int assumed. Note: C++ does not support default-int
     1>C:\Program Files (x86)\Microsoft SDKs\Windows\v7.0A\include\gl/GL.h(1162): error C2086: 'int WINGDIAPI' : redefinition
                 C:\Program Files (x86)\Microsoft SDKs\Windows\v7.0A\include\gl/GL.h(1152) : see declaration of 'WINGDIAPI'
     1>C:\Program Files (x86)\Microsoft SDKs\Windows\v7.0A\include\gl/GL.h(1162): error C2146: syntax error : missing ';' before identifier 'glClear'
     1>C:\Program Files (x86)\Microsoft SDKs\Windows\v7.0A\include\gl/GL.h(1162): error C2182: 'APIENTRY' : illegal use of type 'void'
     1>C:\Program Files (x86)\Microsoft SDKs\Windows\v7.0A\include\gl/GL.h(1162): error C2086: 'int APIENTRY' : redefinition
                 C:\Program Files (x86)\Microsoft SDKs\Windows\v7.0A\include\gl/GL.h(1152) : see declaration of 'APIENTRY'
     1>C:\Program Files (x86)\Microsoft SDKs\Windows\v7.0A\include\gl/GL.h(1162): error C4430: missing type specifier - int assumed. Note: C++ does not support default-int
     1>C:\Program Files (x86)\Microsoft SDKs\Windows\v7.0A\include\gl/GL.h(1163): error C2144: syntax error : 'void' should be preceded by ';'
     1>C:\Program Files (x86)\Microsoft SDKs\Windows\v7.0A\include\gl/GL.h(1163): error C4430: missing type specifier - int assumed. Note: C++ does not support default-int
     1>C:\Program Files (x86)\Microsoft SDKs\Windows\v7.0A\include\gl/GL.h(1163): error C2086: 'int WINGDIAPI' : redefinition
                 C:\Program Files (x86)\Microsoft SDKs\Windows\v7.0A\include\gl/GL.h(1152) : see declaration of 'WINGDIAPI'
     1>C:\Program Files (x86)\Microsoft SDKs\Windows\v7.0A\include\gl/GL.h(1163): error C2146: syntax error : missing ';' before identifier 'glClearAccum'
     1>C:\Program Files (x86)\Microsoft SDKs\Windows\v7.0A\include\gl/GL.h(1163): error C2182: 'APIENTRY' : illegal use of type 'void'
     1>C:\Program Files (x86)\Microsoft SDKs\Windows\v7.0A\include\gl/GL.h(1163): error C2086: 'int APIENTRY' : redefinition
                 C:\Program Files (x86)\Microsoft SDKs\Windows\v7.0A\include\gl/GL.h(1152) : see declaration of 'APIENTRY'
     1>C:\Program Files (x86)\Microsoft SDKs\Windows\v7.0A\include\gl/GL.h(1163): error C4430: missing type specifier - int assumed. Note: C++ does not support default-int
     1>C:\Program Files (x86)\Microsoft SDKs\Windows\v7.0A\include\gl/GL.h(1164): error C2144: syntax error : 'void' should be preceded by ';'
     1>C:\Program Files (x86)\Microsoft SDKs\Windows\v7.0A\include\gl/GL.h(1164): error C4430: missing type specifier - int assumed. Note: C++ does not support default-int
     1>C:\Program Files (x86)\Microsoft SDKs\Windows\v7.0A\include\gl/GL.h(1164): error C2086: 'int WINGDIAPI' : redefinition
                 C:\Program Files (x86)\Microsoft SDKs\Windows\v7.0A\include\gl/GL.h(1152) : see declaration of 'WINGDIAPI'
     1>C:\Program Files (x86)\Microsoft SDKs\Windows\v7.0A\include\gl/GL.h(1164): error C2146: syntax error : missing ';' before identifier 'glClearColor'
     1>C:\Program Files (x86)\Microsoft SDKs\Windows\v7.0A\include\gl/GL.h(1164): error C2182: 'APIENTRY' : illegal use of type 'void'
     1>C:\Program Files (x86)\Microsoft SDKs\Windows\v7.0A\include\gl/GL.h(1164): error C2086: 'int APIENTRY' : redefinition
                 C:\Program Files (x86)\Microsoft SDKs\Windows\v7.0A\include\gl/GL.h(1152) : see declaration of 'APIENTRY'
     1>C:\Program Files (x86)\Microsoft SDKs\Windows\v7.0A\include\gl/GL.h(1164): error C4430: missing type specifier - int assumed. Note: C++ does not support default-int
     1>C:\Program Files (x86)\Microsoft SDKs\Windows\v7.0A\include\gl/GL.h(1165): error C2144: syntax error : 'void' should be preceded by ';'
     1>C:\Program Files (x86)\Microsoft SDKs\Windows\v7.0A\include\gl/GL.h(1165): error C4430: missing type specifier - int assumed. Note: C++ does not support default-int
     1>C:\Program Files (x86)\Microsoft SDKs\Windows\v7.0A\include\gl/GL.h(1165): error C2086: 'int WINGDIAPI' : redefinition
                 C:\Program Files (x86)\Microsoft SDKs\Windows\v7.0A\include\gl/GL.h(1152) : see declaration of 'WINGDIAPI'
     1>C:\Program Files (x86)\Microsoft SDKs\Windows\v7.0A\include\gl/GL.h(1165): error C2146: syntax error : missing ';' before identifier 'glClearDepth'
     1>C:\Program Files (x86)\Microsoft SDKs\Windows\v7.0A\include\gl/GL.h(1165): error C2182: 'APIENTRY' : illegal use of type 'void'
     1>C:\Program Files (x86)\Microsoft SDKs\Windows\v7.0A\include\gl/GL.h(1165): error C2086: 'int APIENTRY' : redefinition
                 C:\Program Files (x86)\Microsoft SDKs\Windows\v7.0A\include\gl/GL.h(1152) : see declaration of 'APIENTRY'
     1>C:\Program Files (x86)\Microsoft SDKs\Windows\v7.0A\include\gl/GL.h(1165): error C4430: missing type specifier - int assumed. Note: C++ does not support default-int
     1>C:\Program Files (x86)\Microsoft SDKs\Windows\v7.0A\include\gl/GL.h(1166): error C2144: syntax error : 'void' should be preceded by ';'
     1>C:\Program Files (x86)\Microsoft SDKs\Windows\v7.0A\include\gl/GL.h(1166): error C4430: missing type specifier - int assumed. Note: C++ does not support default-int
     1>C:\Program Files (x86)\Microsoft SDKs\Windows\v7.0A\include\gl/GL.h(1166): error C2086: 'int WINGDIAPI' : redefinition
                 C:\Program Files (x86)\Microsoft SDKs\Windows\v7.0A\include\gl/GL.h(1152) : see declaration of 'WINGDIAPI'
     1>C:\Program Files (x86)\Microsoft SDKs\Windows\v7.0A\include\gl/GL.h(1166): error C2146: syntax error : missing ';' before identifier 'glClearIndex'
     1>C:\Program Files (x86)\Microsoft SDKs\Windows\v7.0A\include\gl/GL.h(1166): error C2182: 'APIENTRY' : illegal use of type 'void'
     1>C:\Program Files (x86)\Microsoft SDKs\Windows\v7.0A\include\gl/GL.h(1166): error C2086: 'int APIENTRY' : redefinition
                 C:\Program Files (x86)\Microsoft SDKs\Windows\v7.0A\include\gl/GL.h(1152) : see declaration of 'APIENTRY'
     1>C:\Program Files (x86)\Microsoft SDKs\Windows\v7.0A\include\gl/GL.h(1166): error C4430: missing type specifier - int assumed. Note: C++ does not support default-int
     1>C:\Program Files (x86)\Microsoft SDKs\Windows\v7.0A\include\gl/GL.h(1167): error C2144: syntax error : 'void' should be preceded by ';'
     1>C:\Program Files (x86)\Microsoft SDKs\Windows\v7.0A\include\gl/GL.h(1167): error C4430: missing type specifier - int assumed. Note: C++ does not support default-int
     1>C:\Program Files (x86)\Microsoft SDKs\Windows\v7.0A\include\gl/GL.h(1167): error C2086: 'int WINGDIAPI' : redefinition
                 C:\Program Files (x86)\Microsoft SDKs\Windows\v7.0A\include\gl/GL.h(1152) : see declaration of 'WINGDIAPI'
     1>C:\Program Files (x86)\Microsoft SDKs\Windows\v7.0A\include\gl/GL.h(1167): error C2146: syntax error : missing ';' before identifier 'glClearStencil'
     1>C:\Program Files (x86)\Microsoft SDKs\Windows\v7.0A\include\gl/GL.h(1167): error C2182: 'APIENTRY' : illegal use of type 'void'
     1>C:\Program Files (x86)\Microsoft SDKs\Windows\v7.0A\include\gl/GL.h(1167): error C2086: 'int APIENTRY' : redefinition
                 C:\Program Files (x86)\Microsoft SDKs\Windows\v7.0A\include\gl/GL.h(1152) : see declaration of 'APIENTRY'
     1>C:\Program Files (x86)\Microsoft SDKs\Windows\v7.0A\include\gl/GL.h(1167): error C4430: missing type specifier - int assumed. Note: C++ does not support default-int
     1>C:\Program Files (x86)\Microsoft SDKs\Windows\v7.0A\include\gl/GL.h(1168): error C2144: syntax error : 'void' should be preceded by ';'
     1>C:\Program Files (x86)\Microsoft SDKs\Windows\v7.0A\include\gl/GL.h(1168): error C4430: missing type specifier - int assumed. Note: C++ does not support default-int
     1>C:\Program Files (x86)\Microsoft SDKs\Windows\v7.0A\include\gl/GL.h(1168): error C2086: 'int WINGDIAPI' : redefinition
                 C:\Program Files (x86)\Microsoft SDKs\Windows\v7.0A\include\gl/GL.h(1152) : see declaration of 'WINGDIAPI'
     1>C:\Program Files (x86)\Microsoft SDKs\Windows\v7.0A\include\gl/GL.h(1168): error C2146: syntax error : missing ';' before identifier 'glClipPlane'
     1>C:\Program Files (x86)\Microsoft SDKs\Windows\v7.0A\include\gl/GL.h(1168): error C2182: 'APIENTRY' : illegal use of type 'void'
     1>C:\Program Files (x86)\Microsoft SDKs\Windows\v7.0A\include\gl/GL.h(1168): error C2086: 'int APIENTRY' : redefinition
                 C:\Program Files (x86)\Microsoft SDKs\Windows\v7.0A\include\gl/GL.h(1152) : see declaration of 'APIENTRY'
     1>C:\Program Files (x86)\Microsoft SDKs\Windows\v7.0A\include\gl/GL.h(1168): error C4430: missing type specifier - int assumed. Note: C++ does not support default-int
     1>C:\Program Files (x86)\Microsoft SDKs\Windows\v7.0A\include\gl/GL.h(1169): error C2144: syntax error : 'void' should be preceded by ';'
     1>C:\Program Files (x86)\Microsoft SDKs\Windows\v7.0A\include\gl/GL.h(1169): error C4430: missing type specifier - int assumed. Note: C++ does not support default-int
     1>C:\Program Files (x86)\Microsoft SDKs\Windows\v7.0A\include\gl/GL.h(1169): error C2086: 'int WINGDIAPI' : redefinition
                 C:\Program Files (x86)\Microsoft SDKs\Windows\v7.0A\include\gl/GL.h(1152) : see declaration of 'WINGDIAPI'
     1>C:\Program Files (x86)\Microsoft SDKs\Windows\v7.0A\include\gl/GL.h(1169): error C2146: syntax error : missing ';' before identifier 'glColor3b'
     1>C:\Program Files (x86)\Microsoft SDKs\Windows\v7.0A\include\gl/GL.h(1169): error C2182: 'APIENTRY' : illegal use of type 'void'
     1>C:\Program Files (x86)\Microsoft SDKs\Windows\v7.0A\include\gl/GL.h(1169): error C2086: 'int APIENTRY' : redefinition
                 C:\Program Files (x86)\Microsoft SDKs\Windows\v7.0A\include\gl/GL.h(1152) : see declaration of 'APIENTRY'
     1>C:\Program Files (x86)\Microsoft SDKs\Windows\v7.0A\include\gl/GL.h(1169): error C4430: missing type specifier - int assumed. Note: C++ does not support default-int
     1>C:\Program Files (x86)\Microsoft SDKs\Windows\v7.0A\include\gl/GL.h(1170): error C2144: syntax error : 'void' should be preceded by ';'
     1>C:\Program Files (x86)\Microsoft SDKs\Windows\v7.0A\include\gl/GL.h(1170): error C4430: missing type specifier - int assumed. Note: C++ does not support default-int
     1>C:\Program Files (x86)\Microsoft SDKs\Windows\v7.0A\include\gl/GL.h(1170): error C2086: 'int WINGDIAPI' : redefinition
                 C:\Program Files (x86)\Microsoft SDKs\Windows\v7.0A\include\gl/GL.h(1152) : see declaration of 'WINGDIAPI'
     1>C:\Program Files (x86)\Microsoft SDKs\Windows\v7.0A\include\gl/GL.h(1170): error C2146: syntax error : missing ';' before identifier 'glColor3bv'
     1>C:\Program Files (x86)\Microsoft SDKs\Windows\v7.0A\include\gl/GL.h(1170): error C2182: 'APIENTRY' : illegal use of type 'void'
     1>C:\Program Files (x86)\Microsoft SDKs\Windows\v7.0A\include\gl/GL.h(1170): error C2086: 'int APIENTRY' : redefinition
                 C:\Program Files (x86)\Microsoft SDKs\Windows\v7.0A\include\gl/GL.h(1152) : see declaration of 'APIENTRY'
     1>C:\Program Files (x86)\Microsoft SDKs\Windows\v7.0A\include\gl/GL.h(1170): error C4430: missing type specifier - int assumed. Note: C++ does not support default-int
     1>C:\Program Files (x86)\Microsoft SDKs\Windows\v7.0A\include\gl/GL.h(1171): error C2144: syntax error : 'void' should be preceded by ';'
     1>C:\Program Files (x86)\Microsoft SDKs\Windows\v7.0A\include\gl/GL.h(1171): error C4430: missing type specifier - int assumed. Note: C++ does not support default-int
     1>C:\Program Files (x86)\Microsoft SDKs\Windows\v7.0A\include\gl/GL.h(1171): error C2086: 'int WINGDIAPI' : redefinition
                 C:\Program Files (x86)\Microsoft SDKs\Windows\v7.0A\include\gl/GL.h(1152) : see declaration of 'WINGDIAPI'
     1>C:\Program Files (x86)\Microsoft SDKs\Windows\v7.0A\include\gl/GL.h(1171): error C2146: syntax error : missing ';' before identifier 'glColor3d'
     1>C:\Program Files (x86)\Microsoft SDKs\Windows\v7.0A\include\gl/GL.h(1171): error C2182: 'APIENTRY' : illegal use of type 'void'
     1>C:\Program Files (x86)\Microsoft SDKs\Windows\v7.0A\include\gl/GL.h(1171): error C2086: 'int APIENTRY' : redefinition
                 C:\Program Files (x86)\Microsoft SDKs\Windows\v7.0A\include\gl/GL.h(1152) : see declaration of 'APIENTRY'
     1>C:\Program Files (x86)\Microsoft SDKs\Windows\v7.0A\include\gl/GL.h(1171): error C4430: missing type specifier - int assumed. Note: C++ does not support default-int
     1>C:\Program Files (x86)\Microsoft SDKs\Windows\v7.0A\include\gl/GL.h(1172): error C2144: syntax error : 'void' should be preceded by ';'
     1>C:\Program Files (x86)\Microsoft SDKs\Windows\v7.0A\include\gl/GL.h(1172): error C4430: missing type specifier - int assumed. Note: C++ does not support default-int
     1>C:\Program Files (x86)\Microsoft SDKs\Windows\v7.0A\include\gl/GL.h(1172): error C2086: 'int WINGDIAPI' : redefinition
                 C:\Program Files (x86)\Microsoft SDKs\Windows\v7.0A\include\gl/GL.h(1152) : see declaration of 'WINGDIAPI'
     1>C:\Program Files (x86)\Microsoft SDKs\Windows\v7.0A\include\gl/GL.h(1172): error C2146: syntax error : missing ';' before identifier 'glColor3dv'
     1>C:\Program Files (x86)\Microsoft SDKs\Windows\v7.0A\include\gl/GL.h(1172): error C2182: 'APIENTRY' : illegal use of type 'void'
     1>C:\Program Files (x86)\Microsoft SDKs\Windows\v7.0A\include\gl/GL.h(1172): fatal error C1003: error count exceeds 100; stopping compilation
         Generating Code...
     1>Done Building Project "C:\Users\kareem zok\Documents\Visual Studio 2010\Projects\cube\cube.vcxproj" (build target(s)) -- FAILED.

Build FAILED.

Time Elapsed 00:00:02.40
